<?xml version="1.0" encoding="UTF-8"?>
<!-- Generated by org.testng.reporters.JUnitXMLReporter -->
<testsuite ignored="0" hostname="DESKTOP-H9L4LLF" failures="0" tests="3" name="Surefire test" time="0.18" errors="0" timestamp="2024-07-31T15:29:36 CEST">
  <testcase classname="com.org.AppTest" name="testCapitalizeString on testCapitalizeString(com.org.AppTest)" time="0.007"/>
  <testcase classname="com.org.AppTest" name="testApp on testApp(com.org.AppTest)" time="0.0"/>
  <testcase classname="com.org.AppTest" name="testConvertToJson on testConvertToJson(com.org.AppTest)" time="0.164"/>
</testsuite> <!-- Surefire test -->
