<?xml version="1.0" encoding="UTF-8"?>
<testsuite xmlns:xsi="http://www.w3.org/2001/XMLSchema-instance" xsi:noNamespaceSchemaLocation="https://maven.apache.org/surefire/maven-surefire-plugin/xsd/surefire-test-report-3.0.xsd" version="3.0" name="com.org.AppTest" time="0.389" tests="3" errors="0" skipped="0" failures="0">
  <properties>
[...]
</properties>
  <testcase name="testCapitalizeString on testCapitalizeString(com.org.AppTest)" classname="com.org.AppTest" time="0.132"/>
  <testcase name="testApp on testApp(com.org.AppTest)" classname="com.org.AppTest" time="0.132"/>
  <testcase name="testConvertToJson on testConvertToJson(com.org.AppTest)" classname="com.org.AppTest" time="0.295"/>
</testsuite>